[debug] [2021-10-07T14:11:32.563Z] ----------------------------------------------------------------------
[debug] [2021-10-07T14:11:32.566Z] Command:       /usr/local/bin/node /usr/local/bin/firebase init
[debug] [2021-10-07T14:11:32.567Z] CLI Version:   8.7.0
[debug] [2021-10-07T14:11:32.567Z] Platform:      darwin
[debug] [2021-10-07T14:11:32.567Z] Node Version:  v12.16.1
[debug] [2021-10-07T14:11:32.576Z] Time:          Thu Oct 07 2021 19:41:32 GMT+0530 (India Standard Time)
[debug] [2021-10-07T14:11:32.577Z] ----------------------------------------------------------------------
[debug] [2021-10-07T14:11:32.577Z] 
[debug] [2021-10-07T14:11:32.593Z] > command requires scopes: ["email","openid","https://www.googleapis.com/auth/cloudplatformprojects.readonly","https://www.googleapis.com/auth/firebase","https://www.googleapis.com/auth/cloud-platform"]
[debug] [2021-10-07T14:11:32.593Z] > authorizing via signed-in user
[info] 
     ######## #### ########  ######## ########     ###     ######  ########
     ##        ##  ##     ## ##       ##     ##  ##   ##  ##       ##
     ######    ##  ########  ######   ########  #########  ######  ######
     ##        ##  ##    ##  ##       ##     ## ##     ##       ## ##
     ##       #### ##     ## ######## ########  ##     ##  ######  ########

You're about to initialize a Firebase project in this directory:

  /Users/eshaansinghparihar/Desktop/calorie-tracker

[debug] [2021-10-08T23:40:04.415Z] Error: read EIO
    at TTY.onStreamRead (internal/stream_base_commons.js:205:27)
